SF:/workspaces/clean-architecture/sources/CleanArchitecture/shared/CleanArchitecture.Common/Primitives/Results/Error.cs
FN:2,System.String CleanArchitecture.Common.Primitives.Results.Error::get_Code()
FNDA:0,System.String CleanArchitecture.Common.Primitives.Results.Error::get_Code()
DA:3,0
FN:4,System.Void CleanArchitecture.Common.Primitives.Results.Error::.cctor()
FNDA:0,System.Void CleanArchitecture.Common.Primitives.Results.Error::.cctor()
DA:5,0
LF:2
LH:0
BRF:0
BRH:0
FNF:2
FNH:0
end_of_record
SF:/workspaces/clean-architecture/sources/CleanArchitecture/shared/CleanArchitecture.Common/Primitives/Results/Result.cs
FN:4,System.Boolean CleanArchitecture.Common.Primitives.Results.Result::get_IsSuccess()
FNDA:0,System.Boolean CleanArchitecture.Common.Primitives.Results.Result::get_IsSuccess()
DA:5,0
FN:5,CleanArchitecture.Common.Primitives.Results.Error CleanArchitecture.Common.Primitives.Results.Result::get_Error()
FNDA:0,CleanArchitecture.Common.Primitives.Results.Error CleanArchitecture.Common.Primitives.Results.Result::get_Error()
DA:6,0
FN:6,System.Collections.Generic.IEnumerable`1<CleanArchitecture.Common.Primitives.Results.Error> CleanArchitecture.Common.Primitives.Results.Result::get_Errors()
FNDA:0,System.Collections.Generic.IEnumerable`1<CleanArchitecture.Common.Primitives.Results.Error> CleanArchitecture.Common.Primitives.Results.Result::get_Errors()
DA:7,0
FN:7,System.Boolean CleanArchitecture.Common.Primitives.Results.Result::get_IsFailure()
FNDA:0,System.Boolean CleanArchitecture.Common.Primitives.Results.Result::get_IsFailure()
DA:8,0
FN:33,CleanArchitecture.Common.Primitives.Results.Result CleanArchitecture.Common.Primitives.Results.Result::Success()
FNDA:0,CleanArchitecture.Common.Primitives.Results.Result CleanArchitecture.Common.Primitives.Results.Result::Success()
DA:34,0
FN:36,CleanArchitecture.Common.Primitives.Results.Result`1<TValue> CleanArchitecture.Common.Primitives.Results.Result::Success(TValue)
FNDA:0,CleanArchitecture.Common.Primitives.Results.Result`1<TValue> CleanArchitecture.Common.Primitives.Results.Result::Success(TValue)
DA:37,0
FN:40,CleanArchitecture.Common.Primitives.Results.Result`1<TValue> CleanArchitecture.Common.Primitives.Results.Result::Create(TValue,CleanArchitecture.Common.Primitives.Results.Error)
FNDA:0,CleanArchitecture.Common.Primitives.Results.Result`1<TValue> CleanArchitecture.Common.Primitives.Results.Result::Create(TValue,CleanArchitecture.Common.Primitives.Results.Error)
DA:41,0
BRDA:41,6,0,0
BRDA:41,6,1,0
FN:44,CleanArchitecture.Common.Primitives.Results.Result`1<TValue> CleanArchitecture.Common.Primitives.Results.Result::Create(TValue,System.Collections.Generic.IEnumerable`1<CleanArchitecture.Common.Primitives.Results.Error>)
FNDA:0,CleanArchitecture.Common.Primitives.Results.Result`1<TValue> CleanArchitecture.Common.Primitives.Results.Result::Create(TValue,System.Collections.Generic.IEnumerable`1<CleanArchitecture.Common.Primitives.Results.Error>)
DA:45,0
BRDA:45,6,0,0
BRDA:45,6,1,0
FN:47,CleanArchitecture.Common.Primitives.Results.Result CleanArchitecture.Common.Primitives.Results.Result::Failure(CleanArchitecture.Common.Primitives.Results.Error)
FNDA:0,CleanArchitecture.Common.Primitives.Results.Result CleanArchitecture.Common.Primitives.Results.Result::Failure(CleanArchitecture.Common.Primitives.Results.Error)
DA:48,0
FN:50,CleanArchitecture.Common.Primitives.Results.Result CleanArchitecture.Common.Primitives.Results.Result::Failures(System.Collections.Generic.IEnumerable`1<CleanArchitecture.Common.Primitives.Results.Error>)
FNDA:0,CleanArchitecture.Common.Primitives.Results.Result CleanArchitecture.Common.Primitives.Results.Result::Failures(System.Collections.Generic.IEnumerable`1<CleanArchitecture.Common.Primitives.Results.Error>)
DA:51,0
DA:52,0
DA:53,0
DA:54,0
DA:55,0
DA:58,0
DA:59,0
BRDA:53,19,0,0
BRDA:53,19,1,0
FN:60,CleanArchitecture.Common.Primitives.Results.Result`1<TValue> CleanArchitecture.Common.Primitives.Results.Result::Failure(CleanArchitecture.Common.Primitives.Results.Error)
FNDA:0,CleanArchitecture.Common.Primitives.Results.Result`1<TValue> CleanArchitecture.Common.Primitives.Results.Result::Failure(CleanArchitecture.Common.Primitives.Results.Error)
DA:61,0
FN:62,CleanArchitecture.Common.Primitives.Results.Result`1<TValue> CleanArchitecture.Common.Primitives.Results.Result::Failures(System.Collections.Generic.IEnumerable`1<CleanArchitecture.Common.Primitives.Results.Error>)
FNDA:0,CleanArchitecture.Common.Primitives.Results.Result`1<TValue> CleanArchitecture.Common.Primitives.Results.Result::Failures(System.Collections.Generic.IEnumerable`1<CleanArchitecture.Common.Primitives.Results.Error>)
DA:63,0
FN:65,CleanArchitecture.Common.Primitives.Results.Result CleanArchitecture.Common.Primitives.Results.Result::Combine(CleanArchitecture.Common.Primitives.Results.Result[])
FNDA:0,CleanArchitecture.Common.Primitives.Results.Result CleanArchitecture.Common.Primitives.Results.Result::Combine(CleanArchitecture.Common.Primitives.Results.Result[])
DA:66,0
DA:67,0
DA:68,0
DA:69,0
DA:70,0
DA:71,0
DA:73,0
DA:74,0
BRDA:68,46,0,0
BRDA:68,46,1,0
BRDA:73,135,0,0
BRDA:73,135,1,0
FN:9,System.Void CleanArchitecture.Common.Primitives.Results.Result::.ctor(System.Boolean,CleanArchitecture.Common.Primitives.Results.Error)
FNDA:0,System.Void CleanArchitecture.Common.Primitives.Results.Result::.ctor(System.Boolean,CleanArchitecture.Common.Primitives.Results.Error)
DA:10,0
DA:11,0
DA:12,0
DA:13,0
DA:14,0
DA:17,0
DA:18,0
DA:19,0
BRDA:12,31,0,0
BRDA:12,31,1,0
BRDA:12,44,0,0
BRDA:12,47,0,0
BRDA:12,47,1,0
BRDA:12,44,1,0
BRDA:12,68,0,0
BRDA:12,68,1,0
FN:20,System.Void CleanArchitecture.Common.Primitives.Results.Result::.ctor(System.Boolean,System.Collections.Generic.IEnumerable`1<CleanArchitecture.Common.Primitives.Results.Error>)
FNDA:0,System.Void CleanArchitecture.Common.Primitives.Results.Result::.ctor(System.Boolean,System.Collections.Generic.IEnumerable`1<CleanArchitecture.Common.Primitives.Results.Error>)
DA:21,0
DA:22,0
DA:24,0
DA:25,0
DA:26,0
DA:29,0
DA:30,0
DA:31,0
BRDA:24,31,0,0
BRDA:24,31,1,0
BRDA:24,39,0,0
BRDA:24,42,0,0
BRDA:24,42,1,0
BRDA:24,39,1,0
BRDA:24,61,0,0
BRDA:24,61,1,0
LF:42
LH:0
BRF:26
BRH:0
FNF:15
FNH:0
end_of_record
SF:/workspaces/clean-architecture/sources/CleanArchitecture/shared/CleanArchitecture.Common/Primitives/Results/ResultT.cs
FN:4,TValue CleanArchitecture.Common.Primitives.Results.Result`1::get_Value()
FNDA:0,TValue CleanArchitecture.Common.Primitives.Results.Result`1::get_Value()
DA:5,0
FN:19,CleanArchitecture.Common.Primitives.Results.Result`1<TValue> CleanArchitecture.Common.Primitives.Results.Result`1::Success(TValue)
FNDA:0,CleanArchitecture.Common.Primitives.Results.Result`1<TValue> CleanArchitecture.Common.Primitives.Results.Result`1::Success(TValue)
DA:20,0
FN:22,CleanArchitecture.Common.Primitives.Results.Result`1<TValue> CleanArchitecture.Common.Primitives.Results.Result`1::Failure(CleanArchitecture.Common.Primitives.Results.Error)
FNDA:0,CleanArchitecture.Common.Primitives.Results.Result`1<TValue> CleanArchitecture.Common.Primitives.Results.Result`1::Failure(CleanArchitecture.Common.Primitives.Results.Error)
DA:23,0
FN:25,CleanArchitecture.Common.Primitives.Results.Result`1<TValue> CleanArchitecture.Common.Primitives.Results.Result`1::Failures(System.Collections.Generic.IEnumerable`1<CleanArchitecture.Common.Primitives.Results.Error>)
FNDA:0,CleanArchitecture.Common.Primitives.Results.Result`1<TValue> CleanArchitecture.Common.Primitives.Results.Result`1::Failures(System.Collections.Generic.IEnumerable`1<CleanArchitecture.Common.Primitives.Results.Error>)
DA:26,0
FN:7,System.Void CleanArchitecture.Common.Primitives.Results.Result`1::.ctor(System.Boolean,CleanArchitecture.Common.Primitives.Results.Error,TValue)
FNDA:0,System.Void CleanArchitecture.Common.Primitives.Results.Result`1::.ctor(System.Boolean,CleanArchitecture.Common.Primitives.Results.Error,TValue)
DA:8,0
DA:9,0
DA:10,0
DA:11,0
FN:13,System.Void CleanArchitecture.Common.Primitives.Results.Result`1::.ctor(System.Boolean,System.Collections.Generic.IEnumerable`1<CleanArchitecture.Common.Primitives.Results.Error>,TValue)
FNDA:0,System.Void CleanArchitecture.Common.Primitives.Results.Result`1::.ctor(System.Boolean,System.Collections.Generic.IEnumerable`1<CleanArchitecture.Common.Primitives.Results.Error>,TValue)
DA:14,0
DA:15,0
DA:16,0
DA:17,0
LF:12
LH:0
BRF:0
BRH:0
FNF:6
FNH:0
end_of_record
SF:/workspaces/clean-architecture/sources/CleanArchitecture/shared/CleanArchitecture.Common/Primitives/DomainObjects/Entity.cs
FN:4,System.Guid CleanArchitecture.Common.Primitives.DomainObjects.Entity::get_Id()
FNDA:56,System.Guid CleanArchitecture.Common.Primitives.DomainObjects.Entity::get_Id()
DA:5,56
FN:12,System.Boolean CleanArchitecture.Common.Primitives.DomainObjects.Entity::Equals(System.Object)
FNDA:8,System.Boolean CleanArchitecture.Common.Primitives.DomainObjects.Entity::Equals(System.Object)
DA:13,8
DA:14,9
DA:15,8
DA:16,7
DA:18,5
DA:19,8
BRDA:14,7,0,1
BRDA:14,7,1,7
BRDA:15,19,0,1
BRDA:15,19,1,6
BRDA:16,44,0,1
BRDA:16,44,1,5
FN:21,System.Boolean CleanArchitecture.Common.Primitives.DomainObjects.Entity::Equals(CleanArchitecture.Common.Primitives.DomainObjects.Entity)
FNDA:9,System.Boolean CleanArchitecture.Common.Primitives.DomainObjects.Entity::Equals(CleanArchitecture.Common.Primitives.DomainObjects.Entity)
DA:22,9
DA:23,10
DA:24,9
DA:25,7
DA:26,9
BRDA:23,7,0,1
BRDA:23,7,1,8
BRDA:24,19,0,1
BRDA:24,19,1,7
FN:27,System.Boolean CleanArchitecture.Common.Primitives.DomainObjects.Entity::op_Equality(CleanArchitecture.Common.Primitives.DomainObjects.Entity,CleanArchitecture.Common.Primitives.DomainObjects.Entity)
FNDA:2,System.Boolean CleanArchitecture.Common.Primitives.DomainObjects.Entity::op_Equality(CleanArchitecture.Common.Primitives.DomainObjects.Entity,CleanArchitecture.Common.Primitives.DomainObjects.Entity)
DA:28,2
FN:29,System.Boolean CleanArchitecture.Common.Primitives.DomainObjects.Entity::op_Inequality(CleanArchitecture.Common.Primitives.DomainObjects.Entity,CleanArchitecture.Common.Primitives.DomainObjects.Entity)
FNDA:2,System.Boolean CleanArchitecture.Common.Primitives.DomainObjects.Entity::op_Inequality(CleanArchitecture.Common.Primitives.DomainObjects.Entity,CleanArchitecture.Common.Primitives.DomainObjects.Entity)
DA:30,2
FN:31,System.Int32 CleanArchitecture.Common.Primitives.DomainObjects.Entity::GetHashCode()
FNDA:1,System.Int32 CleanArchitecture.Common.Primitives.DomainObjects.Entity::GetHashCode()
DA:32,1
FN:33,System.Object CleanArchitecture.Common.Primitives.DomainObjects.Entity::Clone()
FNDA:1,System.Object CleanArchitecture.Common.Primitives.DomainObjects.Entity::Clone()
DA:34,1
FN:35,System.String CleanArchitecture.Common.Primitives.DomainObjects.Entity::ToString()
FNDA:1,System.String CleanArchitecture.Common.Primitives.DomainObjects.Entity::ToString()
DA:36,1
FN:6,System.Void CleanArchitecture.Common.Primitives.DomainObjects.Entity::.ctor()
FNDA:20,System.Void CleanArchitecture.Common.Primitives.DomainObjects.Entity::.ctor()
DA:7,20
DA:8,20
DA:9,20
DA:10,20
LF:21
LH:21
BRF:10
BRH:10
FNF:9
FNH:9
end_of_record
SF:/workspaces/clean-architecture/sources/CleanArchitecture/shared/CleanArchitecture.Common/Primitives/DomainObjects/ValueObject.cs
FN:7,System.Boolean CleanArchitecture.Common.Primitives.DomainObjects.ValueObject::Equals(CleanArchitecture.Common.Primitives.DomainObjects.ValueObject)
FNDA:2,System.Boolean CleanArchitecture.Common.Primitives.DomainObjects.ValueObject::Equals(CleanArchitecture.Common.Primitives.DomainObjects.ValueObject)
DA:8,2
BRDA:8,1,0,2
BRDA:8,1,1,0
FN:10,System.Int32 CleanArchitecture.Common.Primitives.DomainObjects.ValueObject::GetHashCode()
FNDA:4,System.Int32 CleanArchitecture.Common.Primitives.DomainObjects.ValueObject::GetHashCode()
DA:11,4
FN:13,System.Boolean CleanArchitecture.Common.Primitives.DomainObjects.ValueObject::ValuesAreEqual(CleanArchitecture.Common.Primitives.DomainObjects.ValueObject)
FNDA:2,System.Boolean CleanArchitecture.Common.Primitives.DomainObjects.ValueObject::ValuesAreEqual(CleanArchitecture.Common.Primitives.DomainObjects.ValueObject)
DA:14,2
DA:15,2
DA:16,0
DA:18,2
DA:19,2
BRDA:15,7,0,0
BRDA:15,7,1,2
LF:7
LH:6
BRF:4
BRH:2
FNF:3
FNH:3
end_of_record